<?xml version="1.0" encoding="UTF-8"?>
<!-- Generated by org.testng.reporters.JUnitXMLReporter -->
<testsuite ignored="3" hostname="TOMCY_JOBY" failures="0" tests="2" name="Edge Test" time="9.996" errors="0" timestamp="2024-11-01T21:43:54 IST">
  <testcase classname="testscript.LoginTest" name="verifyUserIsAbletoLoginValidCredentials" time="0.661"/>
  <testcase classname="testscript.LoginTest" name="verifyUserIsAbletoLoginValidCredentials" time="0.0">
    <skipped/>
  </testcase> <!-- verifyUserIsAbletoLoginValidCredentials -->
  <testcase classname="testscript.LoginTest" name="invalidUsernameInvalidPassword" time="0.0">
    <ignored/>
  </testcase> <!-- invalidUsernameInvalidPassword -->
  <testcase classname="testscript.LoginTest" name="validusernameinvalidpassword" time="0.0">
    <ignored/>
  </testcase> <!-- validusernameinvalidpassword -->
  <testcase classname="testscript.LoginTest" name="invalidUsernameValidPassword" time="0.0">
    <ignored/>
  </testcase> <!-- invalidUsernameValidPassword -->
</testsuite> <!-- Edge Test -->
