<?xml version="1.0" encoding="UTF-8"?>
<!-- Generated by org.testng.reporters.JUnitXMLReporter -->
<testsuite ignored="3" hostname="TOMCY_JOBY" failures="0" tests="1" name="Grouping.xml" time="4.244" errors="0" timestamp="2024-11-13T17:11:34 IST">
  <testcase classname="testscript.LoginTest" name="invalidUsernameValidPassword" time="1.452"/>
  <testcase classname="testscript.LoginTest" name="validusernameinvalidpassword" time="0.0">
    <ignored/>
  </testcase> <!-- validusernameinvalidpassword -->
  <testcase classname="testscript.LoginTest" name="invalidUsernameInvalidPassword" time="0.0">
    <ignored/>
  </testcase> <!-- invalidUsernameInvalidPassword -->
  <testcase classname="testscript.LoginTest" name="verifyUserIsAbletoLoginValidCredentials" time="0.0">
    <ignored/>
  </testcase> <!-- verifyUserIsAbletoLoginValidCredentials -->
</testsuite> <!-- Grouping.xml -->
